0 info it worked if it ends with ok
1 verbose cli [ '/usr/local/bin/node',
1 verbose cli   '/usr/local/bin/npm',
1 verbose cli   'install',
1 verbose cli   '-g',
1 verbose cli   'express-generator' ]
2 info using npm@3.10.10
3 info using node@v6.10.2
4 silly loadCurrentTree Starting
5 silly install loadCurrentTree
6 silly install readGlobalPackageData
7 silly fetchPackageMetaData express-generator
8 silly fetchNamedPackageData express-generator
9 silly mapToRegistry name express-generator
10 silly mapToRegistry using default registry
11 silly mapToRegistry registry https://registry.npmjs.org/
12 silly mapToRegistry data Result {
12 silly mapToRegistry   raw: 'express-generator',
12 silly mapToRegistry   scope: null,
12 silly mapToRegistry   escapedName: 'express-generator',
12 silly mapToRegistry   name: 'express-generator',
12 silly mapToRegistry   rawSpec: '',
12 silly mapToRegistry   spec: 'latest',
12 silly mapToRegistry   type: 'tag' }
13 silly mapToRegistry uri https://registry.npmjs.org/express-generator
14 verbose request uri https://registry.npmjs.org/express-generator
15 verbose request no auth needed
16 info attempt registry request try #1 at 1:00:57 PM
17 verbose request id 0bddd82eff963d03
18 verbose etag W/"58f84f71-9eab"
19 verbose lastModified Thu, 20 Apr 2017 06:04:33 GMT
20 http request GET https://registry.npmjs.org/express-generator
21 http 304 https://registry.npmjs.org/express-generator
22 verbose headers { date: 'Thu, 20 Apr 2017 20:00:56 GMT',
22 verbose headers   via: '1.1 varnish',
22 verbose headers   'cache-control': 'max-age=300',
22 verbose headers   etag: 'W/"58f84f71-9eab"',
22 verbose headers   age: '6',
22 verbose headers   connection: 'keep-alive',
22 verbose headers   'x-served-by': 'cache-jfk8122-JFK',
22 verbose headers   'x-cache': 'HIT',
22 verbose headers   'x-cache-hits': '1',
22 verbose headers   'x-timer': 'S1492718456.108545,VS0,VE1',
22 verbose headers   vary: 'Accept-Encoding' }
23 silly get cb [ 304,
23 silly get   { date: 'Thu, 20 Apr 2017 20:00:56 GMT',
23 silly get     via: '1.1 varnish',
23 silly get     'cache-control': 'max-age=300',
23 silly get     etag: 'W/"58f84f71-9eab"',
23 silly get     age: '6',
23 silly get     connection: 'keep-alive',
23 silly get     'x-served-by': 'cache-jfk8122-JFK',
23 silly get     'x-cache': 'HIT',
23 silly get     'x-cache-hits': '1',
23 silly get     'x-timer': 'S1492718456.108545,VS0,VE1',
23 silly get     vary: 'Accept-Encoding' } ]
24 verbose etag https://registry.npmjs.org/express-generator from cache
25 verbose get saving express-generator to /Users/lawrencehan/.npm/registry.npmjs.org/express-generator/.cache.json
26 verbose correctMkdir /Users/lawrencehan/.npm correctMkdir not in flight; initializing
27 silly install normalizeTree
28 silly loadCurrentTree Finishing
29 silly loadIdealTree Starting
30 silly install loadIdealTree
31 silly cloneCurrentTree Starting
32 silly install cloneCurrentTreeToIdealTree
33 silly cloneCurrentTree Finishing
34 silly loadShrinkwrap Starting
35 silly install loadShrinkwrap
36 silly loadShrinkwrap Finishing
37 silly loadAllDepsIntoIdealTree Starting
38 silly install loadAllDepsIntoIdealTree
39 silly resolveWithNewModule express-generator@4.15.0 checking installable status
40 silly cache add args [ 'express-generator', null ]
41 verbose cache add spec express-generator
42 silly cache add parsed spec Result {
42 silly cache add   raw: 'express-generator',
42 silly cache add   scope: null,
42 silly cache add   escapedName: 'express-generator',
42 silly cache add   name: 'express-generator',
42 silly cache add   rawSpec: '',
42 silly cache add   spec: 'latest',
42 silly cache add   type: 'tag' }
43 silly addNamed express-generator@latest
44 verbose addNamed "latest" is being treated as a dist-tag for express-generator
45 info addNameTag [ 'express-generator', 'latest' ]
46 silly mapToRegistry name express-generator
47 silly mapToRegistry using default registry
48 silly mapToRegistry registry https://registry.npmjs.org/
49 silly mapToRegistry data Result {
49 silly mapToRegistry   raw: 'express-generator',
49 silly mapToRegistry   scope: null,
49 silly mapToRegistry   escapedName: 'express-generator',
49 silly mapToRegistry   name: 'express-generator',
49 silly mapToRegistry   rawSpec: '',
49 silly mapToRegistry   spec: 'latest',
49 silly mapToRegistry   type: 'tag' }
50 silly mapToRegistry uri https://registry.npmjs.org/express-generator
51 verbose addNameTag registry:https://registry.npmjs.org/express-generator not in flight; fetching
52 verbose get https://registry.npmjs.org/express-generator not expired, no request
53 silly addNameTag next cb for express-generator with tag latest
54 silly addNamed express-generator@4.15.0
55 verbose addNamed "4.15.0" is a plain semver version for express-generator
56 silly cache afterAdd express-generator@4.15.0
57 verbose afterAdd /Users/lawrencehan/.npm/express-generator/4.15.0/package/package.json not in flight; writing
58 verbose correctMkdir /Users/lawrencehan/.npm correctMkdir not in flight; initializing
59 verbose afterAdd /Users/lawrencehan/.npm/express-generator/4.15.0/package/package.json written
60 silly fetchNamedPackageData commander
61 silly mapToRegistry name commander
62 silly mapToRegistry using default registry
63 silly mapToRegistry registry https://registry.npmjs.org/
64 silly mapToRegistry data Result {
64 silly mapToRegistry   raw: 'commander',
64 silly mapToRegistry   scope: null,
64 silly mapToRegistry   escapedName: 'commander',
64 silly mapToRegistry   name: 'commander',
64 silly mapToRegistry   rawSpec: '',
64 silly mapToRegistry   spec: 'latest',
64 silly mapToRegistry   type: 'tag' }
65 silly mapToRegistry uri https://registry.npmjs.org/commander
66 silly fetchNamedPackageData ejs
67 silly mapToRegistry name ejs
68 silly mapToRegistry using default registry
69 silly mapToRegistry registry https://registry.npmjs.org/
70 silly mapToRegistry data Result {
70 silly mapToRegistry   raw: 'ejs',
70 silly mapToRegistry   scope: null,
70 silly mapToRegistry   escapedName: 'ejs',
70 silly mapToRegistry   name: 'ejs',
70 silly mapToRegistry   rawSpec: '',
70 silly mapToRegistry   spec: 'latest',
70 silly mapToRegistry   type: 'tag' }
71 silly mapToRegistry uri https://registry.npmjs.org/ejs
72 silly fetchNamedPackageData mkdirp
73 silly mapToRegistry name mkdirp
74 silly mapToRegistry using default registry
75 silly mapToRegistry registry https://registry.npmjs.org/
76 silly mapToRegistry data Result {
76 silly mapToRegistry   raw: 'mkdirp',
76 silly mapToRegistry   scope: null,
76 silly mapToRegistry   escapedName: 'mkdirp',
76 silly mapToRegistry   name: 'mkdirp',
76 silly mapToRegistry   rawSpec: '',
76 silly mapToRegistry   spec: 'latest',
76 silly mapToRegistry   type: 'tag' }
77 silly mapToRegistry uri https://registry.npmjs.org/mkdirp
78 silly fetchNamedPackageData sorted-object
79 silly mapToRegistry name sorted-object
80 silly mapToRegistry using default registry
81 silly mapToRegistry registry https://registry.npmjs.org/
82 silly mapToRegistry data Result {
82 silly mapToRegistry   raw: 'sorted-object',
82 silly mapToRegistry   scope: null,
82 silly mapToRegistry   escapedName: 'sorted-object',
82 silly mapToRegistry   name: 'sorted-object',
82 silly mapToRegistry   rawSpec: '',
82 silly mapToRegistry   spec: 'latest',
82 silly mapToRegistry   type: 'tag' }
83 silly mapToRegistry uri https://registry.npmjs.org/sorted-object
84 verbose request uri https://registry.npmjs.org/commander
85 verbose request no auth needed
86 info attempt registry request try #1 at 1:00:58 PM
87 verbose etag W/"58f653dc-10267"
88 verbose lastModified Tue, 18 Apr 2017 17:58:52 GMT
89 http request GET https://registry.npmjs.org/commander
90 verbose request uri https://registry.npmjs.org/ejs
91 verbose request no auth needed
92 info attempt registry request try #1 at 1:00:58 PM
93 verbose etag W/"58e3bc94-109ad"
94 verbose lastModified Tue, 04 Apr 2017 15:32:36 GMT
95 http request GET https://registry.npmjs.org/ejs
96 verbose request uri https://registry.npmjs.org/mkdirp
97 verbose request no auth needed
98 info attempt registry request try #1 at 1:00:58 PM
99 verbose etag W/"58f7636b-6340"
100 verbose lastModified Wed, 19 Apr 2017 13:17:31 GMT
101 http request GET https://registry.npmjs.org/mkdirp
102 verbose request uri https://registry.npmjs.org/sorted-object
103 verbose request no auth needed
104 info attempt registry request try #1 at 1:00:58 PM
105 verbose etag W/"57d499b1-1545"
106 verbose lastModified Sat, 10 Sep 2016 23:39:29 GMT
107 http request GET https://registry.npmjs.org/sorted-object
108 http 304 https://registry.npmjs.org/commander
109 verbose headers { date: 'Thu, 20 Apr 2017 20:00:56 GMT',
109 verbose headers   via: '1.1 varnish',
109 verbose headers   'cache-control': 'max-age=300',
109 verbose headers   etag: 'W/"58f653dc-10267"',
109 verbose headers   age: '141',
109 verbose headers   connection: 'keep-alive',
109 verbose headers   'x-served-by': 'cache-jfk8122-JFK',
109 verbose headers   'x-cache': 'HIT',
109 verbose headers   'x-cache-hits': '8',
109 verbose headers   'x-timer': 'S1492718456.265684,VS0,VE0',
109 verbose headers   vary: 'Accept-Encoding' }
110 silly get cb [ 304,
110 silly get   { date: 'Thu, 20 Apr 2017 20:00:56 GMT',
110 silly get     via: '1.1 varnish',
110 silly get     'cache-control': 'max-age=300',
110 silly get     etag: 'W/"58f653dc-10267"',
110 silly get     age: '141',
110 silly get     connection: 'keep-alive',
110 silly get     'x-served-by': 'cache-jfk8122-JFK',
110 silly get     'x-cache': 'HIT',
110 silly get     'x-cache-hits': '8',
110 silly get     'x-timer': 'S1492718456.265684,VS0,VE0',
110 silly get     vary: 'Accept-Encoding' } ]
111 verbose etag https://registry.npmjs.org/commander from cache
112 verbose get saving commander to /Users/lawrencehan/.npm/registry.npmjs.org/commander/.cache.json
113 verbose correctMkdir /Users/lawrencehan/.npm correctMkdir not in flight; initializing
114 silly resolveWithNewModule commander@2.9.0 checking installable status
115 silly cache add args [ 'commander@2.9.0', null ]
116 verbose cache add spec commander@2.9.0
117 silly cache add parsed spec Result {
117 silly cache add   raw: 'commander@2.9.0',
117 silly cache add   scope: null,
117 silly cache add   escapedName: 'commander',
117 silly cache add   name: 'commander',
117 silly cache add   rawSpec: '2.9.0',
117 silly cache add   spec: '2.9.0',
117 silly cache add   type: 'version' }
118 silly addNamed commander@2.9.0
119 verbose addNamed "2.9.0" is a plain semver version for commander
120 silly mapToRegistry name commander
121 silly mapToRegistry using default registry
122 silly mapToRegistry registry https://registry.npmjs.org/
123 silly mapToRegistry data Result {
123 silly mapToRegistry   raw: 'commander',
123 silly mapToRegistry   scope: null,
123 silly mapToRegistry   escapedName: 'commander',
123 silly mapToRegistry   name: 'commander',
123 silly mapToRegistry   rawSpec: '',
123 silly mapToRegistry   spec: 'latest',
123 silly mapToRegistry   type: 'tag' }
124 silly mapToRegistry uri https://registry.npmjs.org/commander
125 verbose addNameVersion registry:https://registry.npmjs.org/commander not in flight; fetching
126 verbose get https://registry.npmjs.org/commander not expired, no request
127 silly cache afterAdd commander@2.9.0
128 verbose afterAdd /Users/lawrencehan/.npm/commander/2.9.0/package/package.json not in flight; writing
129 verbose correctMkdir /Users/lawrencehan/.npm correctMkdir not in flight; initializing
130 verbose afterAdd /Users/lawrencehan/.npm/commander/2.9.0/package/package.json written
131 http 304 https://registry.npmjs.org/ejs
132 verbose headers { date: 'Thu, 20 Apr 2017 20:00:56 GMT',
132 verbose headers   via: '1.1 varnish',
132 verbose headers   'cache-control': 'max-age=300',
132 verbose headers   etag: 'W/"58e3bc94-109ad"',
132 verbose headers   age: '184',
132 verbose headers   connection: 'keep-alive',
132 verbose headers   'x-served-by': 'cache-jfk8137-JFK',
132 verbose headers   'x-cache': 'HIT',
132 verbose headers   'x-cache-hits': '1',
132 verbose headers   'x-timer': 'S1492718456.430209,VS0,VE1',
132 verbose headers   vary: 'Accept-Encoding' }
133 silly get cb [ 304,
133 silly get   { date: 'Thu, 20 Apr 2017 20:00:56 GMT',
133 silly get     via: '1.1 varnish',
133 silly get     'cache-control': 'max-age=300',
133 silly get     etag: 'W/"58e3bc94-109ad"',
133 silly get     age: '184',
133 silly get     connection: 'keep-alive',
133 silly get     'x-served-by': 'cache-jfk8137-JFK',
133 silly get     'x-cache': 'HIT',
133 silly get     'x-cache-hits': '1',
133 silly get     'x-timer': 'S1492718456.430209,VS0,VE1',
133 silly get     vary: 'Accept-Encoding' } ]
134 verbose etag https://registry.npmjs.org/ejs from cache
135 verbose get saving ejs to /Users/lawrencehan/.npm/registry.npmjs.org/ejs/.cache.json
136 verbose correctMkdir /Users/lawrencehan/.npm correctMkdir not in flight; initializing
137 http 304 https://registry.npmjs.org/mkdirp
138 verbose headers { date: 'Thu, 20 Apr 2017 20:00:56 GMT',
138 verbose headers   via: '1.1 varnish',
138 verbose headers   'cache-control': 'max-age=300',
138 verbose headers   etag: 'W/"58f7636b-6340"',
138 verbose headers   age: '195',
138 verbose headers   connection: 'keep-alive',
138 verbose headers   'x-served-by': 'cache-jfk8132-JFK',
138 verbose headers   'x-cache': 'HIT',
138 verbose headers   'x-cache-hits': '14',
138 verbose headers   'x-timer': 'S1492718456.427773,VS0,VE0',
138 verbose headers   vary: 'Accept-Encoding' }
139 silly get cb [ 304,
139 silly get   { date: 'Thu, 20 Apr 2017 20:00:56 GMT',
139 silly get     via: '1.1 varnish',
139 silly get     'cache-control': 'max-age=300',
139 silly get     etag: 'W/"58f7636b-6340"',
139 silly get     age: '195',
139 silly get     connection: 'keep-alive',
139 silly get     'x-served-by': 'cache-jfk8132-JFK',
139 silly get     'x-cache': 'HIT',
139 silly get     'x-cache-hits': '14',
139 silly get     'x-timer': 'S1492718456.427773,VS0,VE0',
139 silly get     vary: 'Accept-Encoding' } ]
140 verbose etag https://registry.npmjs.org/mkdirp from cache
141 verbose get saving mkdirp to /Users/lawrencehan/.npm/registry.npmjs.org/mkdirp/.cache.json
142 verbose correctMkdir /Users/lawrencehan/.npm correctMkdir not in flight; initializing
143 http 304 https://registry.npmjs.org/sorted-object
144 verbose headers { date: 'Thu, 20 Apr 2017 20:00:56 GMT',
144 verbose headers   via: '1.1 varnish',
144 verbose headers   'cache-control': 'max-age=300',
144 verbose headers   etag: 'W/"57d499b1-1545"',
144 verbose headers   age: '6',
144 verbose headers   connection: 'keep-alive',
144 verbose headers   'x-served-by': 'cache-jfk8143-JFK',
144 verbose headers   'x-cache': 'HIT',
144 verbose headers   'x-cache-hits': '1',
144 verbose headers   'x-timer': 'S1492718456.428022,VS0,VE0',
144 verbose headers   vary: 'Accept-Encoding' }
145 silly get cb [ 304,
145 silly get   { date: 'Thu, 20 Apr 2017 20:00:56 GMT',
145 silly get     via: '1.1 varnish',
145 silly get     'cache-control': 'max-age=300',
145 silly get     etag: 'W/"57d499b1-1545"',
145 silly get     age: '6',
145 silly get     connection: 'keep-alive',
145 silly get     'x-served-by': 'cache-jfk8143-JFK',
145 silly get     'x-cache': 'HIT',
145 silly get     'x-cache-hits': '1',
145 silly get     'x-timer': 'S1492718456.428022,VS0,VE0',
145 silly get     vary: 'Accept-Encoding' } ]
146 verbose etag https://registry.npmjs.org/sorted-object from cache
147 verbose get saving sorted-object to /Users/lawrencehan/.npm/registry.npmjs.org/sorted-object/.cache.json
148 verbose correctMkdir /Users/lawrencehan/.npm correctMkdir not in flight; initializing
149 silly resolveWithNewModule ejs@2.5.6 checking installable status
150 silly cache add args [ 'ejs@2.5.6', null ]
151 verbose cache add spec ejs@2.5.6
152 silly cache add parsed spec Result {
152 silly cache add   raw: 'ejs@2.5.6',
152 silly cache add   scope: null,
152 silly cache add   escapedName: 'ejs',
152 silly cache add   name: 'ejs',
152 silly cache add   rawSpec: '2.5.6',
152 silly cache add   spec: '2.5.6',
152 silly cache add   type: 'version' }
153 silly addNamed ejs@2.5.6
154 verbose addNamed "2.5.6" is a plain semver version for ejs
155 silly mapToRegistry name ejs
156 silly mapToRegistry using default registry
157 silly mapToRegistry registry https://registry.npmjs.org/
158 silly mapToRegistry data Result {
158 silly mapToRegistry   raw: 'ejs',
158 silly mapToRegistry   scope: null,
158 silly mapToRegistry   escapedName: 'ejs',
158 silly mapToRegistry   name: 'ejs',
158 silly mapToRegistry   rawSpec: '',
158 silly mapToRegistry   spec: 'latest',
158 silly mapToRegistry   type: 'tag' }
159 silly mapToRegistry uri https://registry.npmjs.org/ejs
160 verbose addNameVersion registry:https://registry.npmjs.org/ejs not in flight; fetching
161 silly resolveWithNewModule mkdirp@0.5.1 checking installable status
162 silly cache add args [ 'mkdirp@0.5.1', null ]
163 verbose cache add spec mkdirp@0.5.1
164 silly cache add parsed spec Result {
164 silly cache add   raw: 'mkdirp@0.5.1',
164 silly cache add   scope: null,
164 silly cache add   escapedName: 'mkdirp',
164 silly cache add   name: 'mkdirp',
164 silly cache add   rawSpec: '0.5.1',
164 silly cache add   spec: '0.5.1',
164 silly cache add   type: 'version' }
165 silly addNamed mkdirp@0.5.1
166 verbose addNamed "0.5.1" is a plain semver version for mkdirp
167 silly mapToRegistry name mkdirp
168 silly mapToRegistry using default registry
169 silly mapToRegistry registry https://registry.npmjs.org/
170 silly mapToRegistry data Result {
170 silly mapToRegistry   raw: 'mkdirp',
170 silly mapToRegistry   scope: null,
170 silly mapToRegistry   escapedName: 'mkdirp',
170 silly mapToRegistry   name: 'mkdirp',
170 silly mapToRegistry   rawSpec: '',
170 silly mapToRegistry   spec: 'latest',
170 silly mapToRegistry   type: 'tag' }
171 silly mapToRegistry uri https://registry.npmjs.org/mkdirp
172 verbose addNameVersion registry:https://registry.npmjs.org/mkdirp not in flight; fetching
173 silly resolveWithNewModule sorted-object@2.0.1 checking installable status
174 silly cache add args [ 'sorted-object@2.0.1', null ]
175 verbose cache add spec sorted-object@2.0.1
176 silly cache add parsed spec Result {
176 silly cache add   raw: 'sorted-object@2.0.1',
176 silly cache add   scope: null,
176 silly cache add   escapedName: 'sorted-object',
176 silly cache add   name: 'sorted-object',
176 silly cache add   rawSpec: '2.0.1',
176 silly cache add   spec: '2.0.1',
176 silly cache add   type: 'version' }
177 silly addNamed sorted-object@2.0.1
178 verbose addNamed "2.0.1" is a plain semver version for sorted-object
179 silly mapToRegistry name sorted-object
180 silly mapToRegistry using default registry
181 silly mapToRegistry registry https://registry.npmjs.org/
182 silly mapToRegistry data Result {
182 silly mapToRegistry   raw: 'sorted-object',
182 silly mapToRegistry   scope: null,
182 silly mapToRegistry   escapedName: 'sorted-object',
182 silly mapToRegistry   name: 'sorted-object',
182 silly mapToRegistry   rawSpec: '',
182 silly mapToRegistry   spec: 'latest',
182 silly mapToRegistry   type: 'tag' }
183 silly mapToRegistry uri https://registry.npmjs.org/sorted-object
184 verbose addNameVersion registry:https://registry.npmjs.org/sorted-object not in flight; fetching
185 verbose get https://registry.npmjs.org/ejs not expired, no request
186 verbose get https://registry.npmjs.org/sorted-object not expired, no request
187 verbose get https://registry.npmjs.org/mkdirp not expired, no request
188 silly cache afterAdd ejs@2.5.6
189 verbose afterAdd /Users/lawrencehan/.npm/ejs/2.5.6/package/package.json not in flight; writing
190 verbose correctMkdir /Users/lawrencehan/.npm correctMkdir not in flight; initializing
191 silly cache afterAdd sorted-object@2.0.1
192 verbose afterAdd /Users/lawrencehan/.npm/sorted-object/2.0.1/package/package.json not in flight; writing
193 verbose correctMkdir /Users/lawrencehan/.npm correctMkdir not in flight; initializing
194 silly cache afterAdd mkdirp@0.5.1
195 verbose afterAdd /Users/lawrencehan/.npm/mkdirp/0.5.1/package/package.json not in flight; writing
196 verbose correctMkdir /Users/lawrencehan/.npm correctMkdir not in flight; initializing
197 verbose afterAdd /Users/lawrencehan/.npm/ejs/2.5.6/package/package.json written
198 verbose afterAdd /Users/lawrencehan/.npm/sorted-object/2.0.1/package/package.json written
199 verbose afterAdd /Users/lawrencehan/.npm/mkdirp/0.5.1/package/package.json written
200 silly fetchNamedPackageData graceful-readlink
201 silly mapToRegistry name graceful-readlink
202 silly mapToRegistry using default registry
203 silly mapToRegistry registry https://registry.npmjs.org/
204 silly mapToRegistry data Result {
204 silly mapToRegistry   raw: 'graceful-readlink',
204 silly mapToRegistry   scope: null,
204 silly mapToRegistry   escapedName: 'graceful-readlink',
204 silly mapToRegistry   name: 'graceful-readlink',
204 silly mapToRegistry   rawSpec: '',
204 silly mapToRegistry   spec: 'latest',
204 silly mapToRegistry   type: 'tag' }
205 silly mapToRegistry uri https://registry.npmjs.org/graceful-readlink
206 verbose request uri https://registry.npmjs.org/graceful-readlink
207 verbose request no auth needed
208 info attempt registry request try #1 at 1:00:58 PM
209 verbose etag W/"585ef90e-c1b"
210 verbose lastModified Sat, 24 Dec 2016 22:39:10 GMT
211 http request GET https://registry.npmjs.org/graceful-readlink
212 http 304 https://registry.npmjs.org/graceful-readlink
213 verbose headers { date: 'Thu, 20 Apr 2017 20:00:56 GMT',
213 verbose headers   via: '1.1 varnish',
213 verbose headers   'cache-control': 'max-age=300',
213 verbose headers   etag: 'W/"585ef90e-c1b"',
213 verbose headers   age: '43',
213 verbose headers   connection: 'keep-alive',
213 verbose headers   'x-served-by': 'cache-jfk8122-JFK',
213 verbose headers   'x-cache': 'HIT',
213 verbose headers   'x-cache-hits': '4',
213 verbose headers   'x-timer': 'S1492718457.554600,VS0,VE0',
213 verbose headers   vary: 'Accept-Encoding' }
214 silly get cb [ 304,
214 silly get   { date: 'Thu, 20 Apr 2017 20:00:56 GMT',
214 silly get     via: '1.1 varnish',
214 silly get     'cache-control': 'max-age=300',
214 silly get     etag: 'W/"585ef90e-c1b"',
214 silly get     age: '43',
214 silly get     connection: 'keep-alive',
214 silly get     'x-served-by': 'cache-jfk8122-JFK',
214 silly get     'x-cache': 'HIT',
214 silly get     'x-cache-hits': '4',
214 silly get     'x-timer': 'S1492718457.554600,VS0,VE0',
214 silly get     vary: 'Accept-Encoding' } ]
215 verbose etag https://registry.npmjs.org/graceful-readlink from cache
216 verbose get saving graceful-readlink to /Users/lawrencehan/.npm/registry.npmjs.org/graceful-readlink/.cache.json
217 verbose correctMkdir /Users/lawrencehan/.npm correctMkdir not in flight; initializing
218 silly resolveWithNewModule graceful-readlink@1.0.1 checking installable status
219 silly cache add args [ 'graceful-readlink@>= 1.0.0', null ]
220 verbose cache add spec graceful-readlink@>= 1.0.0
221 silly cache add parsed spec Result {
221 silly cache add   raw: 'graceful-readlink@>= 1.0.0',
221 silly cache add   scope: null,
221 silly cache add   escapedName: 'graceful-readlink',
221 silly cache add   name: 'graceful-readlink',
221 silly cache add   rawSpec: '>= 1.0.0',
221 silly cache add   spec: '>=1.0.0',
221 silly cache add   type: 'range' }
222 silly addNamed graceful-readlink@>=1.0.0
223 verbose addNamed ">=1.0.0" is a valid semver range for graceful-readlink
224 silly addNameRange { name: 'graceful-readlink', range: '>=1.0.0', hasData: false }
225 silly mapToRegistry name graceful-readlink
226 silly mapToRegistry using default registry
227 silly mapToRegistry registry https://registry.npmjs.org/
228 silly mapToRegistry data Result {
228 silly mapToRegistry   raw: 'graceful-readlink',
228 silly mapToRegistry   scope: null,
228 silly mapToRegistry   escapedName: 'graceful-readlink',
228 silly mapToRegistry   name: 'graceful-readlink',
228 silly mapToRegistry   rawSpec: '',
228 silly mapToRegistry   spec: 'latest',
228 silly mapToRegistry   type: 'tag' }
229 silly mapToRegistry uri https://registry.npmjs.org/graceful-readlink
230 verbose addNameRange registry:https://registry.npmjs.org/graceful-readlink not in flight; fetching
231 verbose get https://registry.npmjs.org/graceful-readlink not expired, no request
232 silly addNameRange number 2 { name: 'graceful-readlink', range: '>=1.0.0', hasData: true }
233 silly addNameRange versions [ 'graceful-readlink', [ '1.0.0', '1.0.1' ] ]
234 silly addNamed graceful-readlink@1.0.1
235 verbose addNamed "1.0.1" is a plain semver version for graceful-readlink
236 silly cache afterAdd graceful-readlink@1.0.1
237 verbose afterAdd /Users/lawrencehan/.npm/graceful-readlink/1.0.1/package/package.json not in flight; writing
238 verbose correctMkdir /Users/lawrencehan/.npm correctMkdir not in flight; initializing
239 verbose afterAdd /Users/lawrencehan/.npm/graceful-readlink/1.0.1/package/package.json written
240 silly fetchNamedPackageData minimist
241 silly mapToRegistry name minimist
242 silly mapToRegistry using default registry
243 silly mapToRegistry registry https://registry.npmjs.org/
244 silly mapToRegistry data Result {
244 silly mapToRegistry   raw: 'minimist',
244 silly mapToRegistry   scope: null,
244 silly mapToRegistry   escapedName: 'minimist',
244 silly mapToRegistry   name: 'minimist',
244 silly mapToRegistry   rawSpec: '',
244 silly mapToRegistry   spec: 'latest',
244 silly mapToRegistry   type: 'tag' }
245 silly mapToRegistry uri https://registry.npmjs.org/minimist
246 verbose request uri https://registry.npmjs.org/minimist
247 verbose request no auth needed
248 info attempt registry request try #1 at 1:00:58 PM
249 verbose etag W/"58f7bed1-751c"
250 verbose lastModified Wed, 19 Apr 2017 19:47:29 GMT
251 http request GET https://registry.npmjs.org/minimist
252 http 304 https://registry.npmjs.org/minimist
253 verbose headers { date: 'Thu, 20 Apr 2017 20:00:56 GMT',
253 verbose headers   via: '1.1 varnish',
253 verbose headers   'cache-control': 'max-age=300',
253 verbose headers   etag: 'W/"58f7bed1-751c"',
253 verbose headers   age: '277',
253 verbose headers   connection: 'keep-alive',
253 verbose headers   'x-served-by': 'cache-jfk8137-JFK',
253 verbose headers   'x-cache': 'HIT',
253 verbose headers   'x-cache-hits': '19',
253 verbose headers   'x-timer': 'S1492718457.642677,VS0,VE0',
253 verbose headers   vary: 'Accept-Encoding' }
254 silly get cb [ 304,
254 silly get   { date: 'Thu, 20 Apr 2017 20:00:56 GMT',
254 silly get     via: '1.1 varnish',
254 silly get     'cache-control': 'max-age=300',
254 silly get     etag: 'W/"58f7bed1-751c"',
254 silly get     age: '277',
254 silly get     connection: 'keep-alive',
254 silly get     'x-served-by': 'cache-jfk8137-JFK',
254 silly get     'x-cache': 'HIT',
254 silly get     'x-cache-hits': '19',
254 silly get     'x-timer': 'S1492718457.642677,VS0,VE0',
254 silly get     vary: 'Accept-Encoding' } ]
255 verbose etag https://registry.npmjs.org/minimist from cache
256 verbose get saving minimist to /Users/lawrencehan/.npm/registry.npmjs.org/minimist/.cache.json
257 verbose correctMkdir /Users/lawrencehan/.npm correctMkdir not in flight; initializing
258 silly resolveWithNewModule minimist@0.0.8 checking installable status
259 silly cache add args [ 'minimist@0.0.8', null ]
260 verbose cache add spec minimist@0.0.8
261 silly cache add parsed spec Result {
261 silly cache add   raw: 'minimist@0.0.8',
261 silly cache add   scope: null,
261 silly cache add   escapedName: 'minimist',
261 silly cache add   name: 'minimist',
261 silly cache add   rawSpec: '0.0.8',
261 silly cache add   spec: '0.0.8',
261 silly cache add   type: 'version' }
262 silly addNamed minimist@0.0.8
263 verbose addNamed "0.0.8" is a plain semver version for minimist
264 silly mapToRegistry name minimist
265 silly mapToRegistry using default registry
266 silly mapToRegistry registry https://registry.npmjs.org/
267 silly mapToRegistry data Result {
267 silly mapToRegistry   raw: 'minimist',
267 silly mapToRegistry   scope: null,
267 silly mapToRegistry   escapedName: 'minimist',
267 silly mapToRegistry   name: 'minimist',
267 silly mapToRegistry   rawSpec: '',
267 silly mapToRegistry   spec: 'latest',
267 silly mapToRegistry   type: 'tag' }
268 silly mapToRegistry uri https://registry.npmjs.org/minimist
269 verbose addNameVersion registry:https://registry.npmjs.org/minimist not in flight; fetching
270 verbose get https://registry.npmjs.org/minimist not expired, no request
271 silly cache afterAdd minimist@0.0.8
272 verbose afterAdd /Users/lawrencehan/.npm/minimist/0.0.8/package/package.json not in flight; writing
273 verbose correctMkdir /Users/lawrencehan/.npm correctMkdir not in flight; initializing
274 verbose afterAdd /Users/lawrencehan/.npm/minimist/0.0.8/package/package.json written
275 silly loadAllDepsIntoIdealTree Finishing
276 silly loadIdealTree Finishing
277 silly currentTree lib
278 silly idealTree lib
278 silly idealTree └─┬ express-generator@4.15.0
278 silly idealTree   ├── commander@2.9.0
278 silly idealTree   ├── ejs@2.5.6
278 silly idealTree   ├── graceful-readlink@1.0.1
278 silly idealTree   ├── minimist@0.0.8
278 silly idealTree   ├── mkdirp@0.5.1
278 silly idealTree   └── sorted-object@2.0.1
279 silly generateActionsToTake Starting
280 silly install generateActionsToTake
281 silly generateActionsToTake Finishing
282 silly diffTrees action count 7
283 silly diffTrees add graceful-readlink@1.0.1
284 silly diffTrees add minimist@0.0.8
285 silly diffTrees add commander@2.9.0
286 silly diffTrees add ejs@2.5.6
287 silly diffTrees add mkdirp@0.5.1
288 silly diffTrees add sorted-object@2.0.1
289 silly diffTrees add express-generator@4.15.0
290 silly decomposeActions action count 56
291 silly decomposeActions fetch graceful-readlink@1.0.1
292 silly decomposeActions extract graceful-readlink@1.0.1
293 silly decomposeActions test graceful-readlink@1.0.1
294 silly decomposeActions preinstall graceful-readlink@1.0.1
295 silly decomposeActions build graceful-readlink@1.0.1
296 silly decomposeActions install graceful-readlink@1.0.1
297 silly decomposeActions postinstall graceful-readlink@1.0.1
298 silly decomposeActions finalize graceful-readlink@1.0.1
299 silly decomposeActions fetch minimist@0.0.8
300 silly decomposeActions extract minimist@0.0.8
301 silly decomposeActions test minimist@0.0.8
302 silly decomposeActions preinstall minimist@0.0.8
303 silly decomposeActions build minimist@0.0.8
304 silly decomposeActions install minimist@0.0.8
305 silly decomposeActions postinstall minimist@0.0.8
306 silly decomposeActions finalize minimist@0.0.8
307 silly decomposeActions fetch commander@2.9.0
308 silly decomposeActions extract commander@2.9.0
309 silly decomposeActions test commander@2.9.0
310 silly decomposeActions preinstall commander@2.9.0
311 silly decomposeActions build commander@2.9.0
312 silly decomposeActions install commander@2.9.0
313 silly decomposeActions postinstall commander@2.9.0
314 silly decomposeActions finalize commander@2.9.0
315 silly decomposeActions fetch ejs@2.5.6
316 silly decomposeActions extract ejs@2.5.6
317 silly decomposeActions test ejs@2.5.6
318 silly decomposeActions preinstall ejs@2.5.6
319 silly decomposeActions build ejs@2.5.6
320 silly decomposeActions install ejs@2.5.6
321 silly decomposeActions postinstall ejs@2.5.6
322 silly decomposeActions finalize ejs@2.5.6
323 silly decomposeActions fetch mkdirp@0.5.1
324 silly decomposeActions extract mkdirp@0.5.1
325 silly decomposeActions test mkdirp@0.5.1
326 silly decomposeActions preinstall mkdirp@0.5.1
327 silly decomposeActions build mkdirp@0.5.1
328 silly decomposeActions install mkdirp@0.5.1
329 silly decomposeActions postinstall mkdirp@0.5.1
330 silly decomposeActions finalize mkdirp@0.5.1
331 silly decomposeActions fetch sorted-object@2.0.1
332 silly decomposeActions extract sorted-object@2.0.1
333 silly decomposeActions test sorted-object@2.0.1
334 silly decomposeActions preinstall sorted-object@2.0.1
335 silly decomposeActions build sorted-object@2.0.1
336 silly decomposeActions install sorted-object@2.0.1
337 silly decomposeActions postinstall sorted-object@2.0.1
338 silly decomposeActions finalize sorted-object@2.0.1
339 silly decomposeActions fetch express-generator@4.15.0
340 silly decomposeActions extract express-generator@4.15.0
341 silly decomposeActions test express-generator@4.15.0
342 silly decomposeActions preinstall express-generator@4.15.0
343 silly decomposeActions build express-generator@4.15.0
344 silly decomposeActions install express-generator@4.15.0
345 silly decomposeActions postinstall express-generator@4.15.0
346 silly decomposeActions finalize express-generator@4.15.0
347 silly runTopLevelLifecycles Starting
348 silly executeActions Starting
349 silly install executeActions
350 silly doSerial global-install 0
351 silly doParallel fetch 7
352 verbose correctMkdir /Users/lawrencehan/.npm/_locks correctMkdir not in flight; initializing
353 verbose lock using /Users/lawrencehan/.npm/_locks/staging-3a08f0df5026584d.lock for /usr/local/lib/node_modules/.staging
354 silly doParallel extract 7
355 silly extract graceful-readlink@1.0.1
356 silly extract minimist@0.0.8
357 silly extract commander@2.9.0
358 silly extract ejs@2.5.6
359 silly extract mkdirp@0.5.1
360 silly extract sorted-object@2.0.1
361 silly extract express-generator@4.15.0
362 verbose unbuild lib/node_modules/.staging/graceful-readlink-ea74dc32
363 verbose unbuild lib/node_modules/.staging/minimist-cb6858d4
364 verbose unbuild lib/node_modules/.staging/ejs-2de19af3
365 verbose unbuild lib/node_modules/.staging/commander-898e1b43
366 verbose unbuild lib/node_modules/.staging/sorted-object-b497dff3
367 verbose unbuild lib/node_modules/.staging/mkdirp-f65a1b18
368 verbose unbuild lib/node_modules/.staging/express-generator-2930afea
369 silly gentlyRm /usr/local/lib/node_modules/.staging/graceful-readlink-ea74dc32 is being purged from base /usr/local
370 verbose gentlyRm don't care about contents; nuking /usr/local/lib/node_modules/.staging/graceful-readlink-ea74dc32
371 silly gentlyRm /usr/local/lib/node_modules/.staging/minimist-cb6858d4 is being purged from base /usr/local
372 verbose gentlyRm don't care about contents; nuking /usr/local/lib/node_modules/.staging/minimist-cb6858d4
373 silly gentlyRm /usr/local/lib/node_modules/.staging/ejs-2de19af3 is being purged from base /usr/local
374 verbose gentlyRm don't care about contents; nuking /usr/local/lib/node_modules/.staging/ejs-2de19af3
375 silly gentlyRm /usr/local/lib/node_modules/.staging/commander-898e1b43 is being purged from base /usr/local
376 verbose gentlyRm don't care about contents; nuking /usr/local/lib/node_modules/.staging/commander-898e1b43
377 silly gentlyRm /usr/local/lib/node_modules/.staging/sorted-object-b497dff3 is being purged from base /usr/local
378 verbose gentlyRm don't care about contents; nuking /usr/local/lib/node_modules/.staging/sorted-object-b497dff3
379 verbose tar unpack /Users/lawrencehan/.npm/graceful-readlink/1.0.1/package.tgz
380 verbose tar unpacking to /usr/local/lib/node_modules/.staging/graceful-readlink-ea74dc32
381 silly gentlyRm /usr/local/lib/node_modules/.staging/graceful-readlink-ea74dc32 is being purged
382 verbose gentlyRm don't care about contents; nuking /usr/local/lib/node_modules/.staging/graceful-readlink-ea74dc32
383 verbose tar unpack /Users/lawrencehan/.npm/minimist/0.0.8/package.tgz
384 verbose tar unpacking to /usr/local/lib/node_modules/.staging/minimist-cb6858d4
385 silly gentlyRm /usr/local/lib/node_modules/.staging/minimist-cb6858d4 is being purged
386 verbose gentlyRm don't care about contents; nuking /usr/local/lib/node_modules/.staging/minimist-cb6858d4
387 verbose tar unpack /Users/lawrencehan/.npm/ejs/2.5.6/package.tgz
388 verbose tar unpacking to /usr/local/lib/node_modules/.staging/ejs-2de19af3
389 silly gentlyRm /usr/local/lib/node_modules/.staging/ejs-2de19af3 is being purged
390 verbose gentlyRm don't care about contents; nuking /usr/local/lib/node_modules/.staging/ejs-2de19af3
391 verbose tar unpack /Users/lawrencehan/.npm/commander/2.9.0/package.tgz
392 verbose tar unpacking to /usr/local/lib/node_modules/.staging/commander-898e1b43
393 silly gentlyRm /usr/local/lib/node_modules/.staging/commander-898e1b43 is being purged
394 verbose gentlyRm don't care about contents; nuking /usr/local/lib/node_modules/.staging/commander-898e1b43
395 silly gentlyRm /usr/local/lib/node_modules/.staging/mkdirp-f65a1b18 is being purged from base /usr/local
396 verbose gentlyRm don't care about contents; nuking /usr/local/lib/node_modules/.staging/mkdirp-f65a1b18
397 verbose tar unpack /Users/lawrencehan/.npm/sorted-object/2.0.1/package.tgz
398 verbose tar unpacking to /usr/local/lib/node_modules/.staging/sorted-object-b497dff3
399 silly gentlyRm /usr/local/lib/node_modules/.staging/sorted-object-b497dff3 is being purged
400 verbose gentlyRm don't care about contents; nuking /usr/local/lib/node_modules/.staging/sorted-object-b497dff3
401 silly gunzTarPerm modes [ '755', '644' ]
402 silly gunzTarPerm modes [ '755', '644' ]
403 silly gentlyRm /usr/local/lib/node_modules/.staging/express-generator-2930afea is being purged from base /usr/local
404 verbose gentlyRm don't care about contents; nuking /usr/local/lib/node_modules/.staging/express-generator-2930afea
405 silly gunzTarPerm modes [ '755', '644' ]
406 silly gunzTarPerm modes [ '755', '644' ]
407 verbose tar unpack /Users/lawrencehan/.npm/mkdirp/0.5.1/package.tgz
408 verbose tar unpacking to /usr/local/lib/node_modules/.staging/mkdirp-f65a1b18
409 silly gentlyRm /usr/local/lib/node_modules/.staging/mkdirp-f65a1b18 is being purged
410 verbose gentlyRm don't care about contents; nuking /usr/local/lib/node_modules/.staging/mkdirp-f65a1b18
411 silly gunzTarPerm modes [ '755', '644' ]
412 verbose tar unpack /Users/lawrencehan/.npm/express-generator/4.15.0/package.tgz
413 verbose tar unpacking to /usr/local/lib/node_modules/.staging/express-generator-2930afea
414 silly gentlyRm /usr/local/lib/node_modules/.staging/express-generator-2930afea is being purged
415 verbose gentlyRm don't care about contents; nuking /usr/local/lib/node_modules/.staging/express-generator-2930afea
416 silly gunzTarPerm modes [ '755', '644' ]
417 silly gunzTarPerm modes [ '755', '644' ]
418 silly gunzTarPerm extractEntry package.json
419 silly gunzTarPerm modified mode [ 'package.json', 436, 420 ]
420 silly gunzTarPerm extractEntry package.json
421 silly gunzTarPerm extractEntry
422 silly gunzTarPerm extractEntry package.json
423 silly gunzTarPerm extractEntry package.json
424 silly gunzTarPerm modified mode [ 'package.json', 438, 420 ]
425 silly gunzTarPerm extractEntry package.json
426 silly gunzTarPerm extractEntry package.json
427 silly gunzTarPerm modified mode [ 'package.json', 438, 420 ]
428 silly gunzTarPerm extractEntry .npmignore
429 silly gunzTarPerm modified mode [ '.npmignore', 436, 420 ]
430 silly gunzTarPerm extractEntry README.md
431 silly gunzTarPerm modified mode [ 'README.md', 436, 420 ]
432 silly gunzTarPerm extractEntry LICENSE
433 silly gunzTarPerm extractEntry index.js
434 silly gunzTarPerm extractEntry LICENSE
435 silly gunzTarPerm extractEntry index.js
436 silly gunzTarPerm extractEntry LICENSE.txt
437 silly gunzTarPerm modified mode [ 'LICENSE.txt', 438, 420 ]
438 silly gunzTarPerm extractEntry lib/sorted-object.js
439 silly gunzTarPerm modified mode [ 'lib/sorted-object.js', 438, 420 ]
440 silly gunzTarPerm extractEntry ejs.js
441 silly gunzTarPerm extractEntry ejs.min.js
442 silly gunzTarPerm extractEntry LICENSE
443 silly gunzTarPerm extractEntry index.js
444 silly gunzTarPerm extractEntry README.md
445 silly gunzTarPerm modified mode [ 'README.md', 438, 420 ]
446 silly gunzTarPerm extractEntry LICENSE
447 silly gunzTarPerm modified mode [ 'LICENSE', 438, 420 ]
448 silly gunzTarPerm extractEntry Jakefile
449 silly gunzTarPerm extractEntry lib/
450 silly gunzTarPerm extractEntry LICENSE
451 silly gunzTarPerm extractEntry LICENSE
452 silly gunzTarPerm modified mode [ 'LICENSE', 436, 420 ]
453 silly gunzTarPerm extractEntry index.js
454 silly gunzTarPerm modified mode [ 'index.js', 436, 420 ]
455 silly gunzTarPerm extractEntry package.json
456 silly gunzTarPerm extractEntry .travis.yml
457 silly gunzTarPerm extractEntry example/parse.js
458 silly gunzTarPerm extractEntry Readme.md
459 silly gunzTarPerm extractEntry README.md
460 silly gunzTarPerm extractEntry .travis.yml
461 silly gunzTarPerm extractEntry bin/cmd.js
462 silly gunzTarPerm extractEntry bin/express-cli.js
463 silly gunzTarPerm modified mode [ 'bin/express-cli.js', 438, 420 ]
464 silly gunzTarPerm extractEntry templates/css/style.css
465 silly gunzTarPerm modified mode [ 'templates/css/style.css', 438, 420 ]
466 silly gunzTarPerm extractEntry templates/css/style.less
467 silly gunzTarPerm modified mode [ 'templates/css/style.less', 438, 420 ]
468 silly gunzTarPerm extractEntry templates/css/style.sass
469 silly gunzTarPerm modified mode [ 'templates/css/style.sass', 438, 420 ]
470 silly gunzTarPerm extractEntry templates/css/style.scss
471 silly gunzTarPerm modified mode [ 'templates/css/style.scss', 438, 420 ]
472 silly gunzTarPerm extractEntry templates/css/style.styl
473 silly gunzTarPerm modified mode [ 'templates/css/style.styl', 438, 420 ]
474 silly gunzTarPerm extractEntry templates/dust/error.dust
475 silly gunzTarPerm modified mode [ 'templates/dust/error.dust', 438, 420 ]
476 silly gunzTarPerm extractEntry templates/dust/index.dust
477 silly gunzTarPerm modified mode [ 'templates/dust/index.dust', 438, 420 ]
478 silly gunzTarPerm extractEntry templates/ejs/error.ejs
479 silly gunzTarPerm modified mode [ 'templates/ejs/error.ejs', 438, 420 ]
480 silly gunzTarPerm extractEntry templates/ejs/index.ejs
481 silly gunzTarPerm modified mode [ 'templates/ejs/index.ejs', 438, 420 ]
482 silly gunzTarPerm extractEntry templates/hbs/error.hbs
483 silly gunzTarPerm modified mode [ 'templates/hbs/error.hbs', 438, 420 ]
484 silly gunzTarPerm extractEntry templates/hbs/index.hbs
485 silly gunzTarPerm modified mode [ 'templates/hbs/index.hbs', 438, 420 ]
486 silly gunzTarPerm extractEntry templates/hbs/layout.hbs
487 silly gunzTarPerm modified mode [ 'templates/hbs/layout.hbs', 438, 420 ]
488 silly gunzTarPerm extractEntry templates/hogan/error.hjs
489 silly gunzTarPerm modified mode [ 'templates/hogan/error.hjs', 438, 420 ]
490 silly gunzTarPerm extractEntry templates/hogan/index.hjs
491 silly gunzTarPerm modified mode [ 'templates/hogan/index.hjs', 438, 420 ]
492 silly gunzTarPerm extractEntry templates/jade/error.jade
493 silly gunzTarPerm modified mode [ 'templates/jade/error.jade', 438, 420 ]
494 silly gunzTarPerm extractEntry templates/jade/index.jade
495 silly gunzTarPerm modified mode [ 'templates/jade/index.jade', 438, 420 ]
496 silly gunzTarPerm extractEntry templates/jade/layout.jade
497 silly gunzTarPerm modified mode [ 'templates/jade/layout.jade', 438, 420 ]
498 silly gunzTarPerm extractEntry templates/js/app.js.ejs
499 silly gunzTarPerm modified mode [ 'templates/js/app.js.ejs', 438, 420 ]
500 silly gunzTarPerm extractEntry templates/js/gitignore
501 silly gunzTarPerm modified mode [ 'templates/js/gitignore', 438, 420 ]
502 silly gunzTarPerm extractEntry templates/js/routes/index.js
503 silly gunzTarPerm modified mode [ 'templates/js/routes/index.js', 438, 420 ]
504 silly gunzTarPerm extractEntry templates/js/routes/users.js
505 silly gunzTarPerm modified mode [ 'templates/js/routes/users.js', 438, 420 ]
506 silly gunzTarPerm extractEntry templates/js/www.ejs
507 silly gunzTarPerm modified mode [ 'templates/js/www.ejs', 438, 420 ]
508 silly gunzTarPerm extractEntry templates/pug/error.pug
509 silly gunzTarPerm modified mode [ 'templates/pug/error.pug', 438, 420 ]
510 silly gunzTarPerm extractEntry templates/pug/index.pug
511 silly gunzTarPerm modified mode [ 'templates/pug/index.pug', 438, 420 ]
512 silly gunzTarPerm extractEntry templates/pug/layout.pug
513 silly gunzTarPerm modified mode [ 'templates/pug/layout.pug', 438, 420 ]
514 silly gunzTarPerm extractEntry templates/twig/error.twig
515 silly gunzTarPerm modified mode [ 'templates/twig/error.twig', 438, 420 ]
516 silly gunzTarPerm extractEntry templates/twig/index.twig
517 silly gunzTarPerm modified mode [ 'templates/twig/index.twig', 438, 420 ]
518 silly gunzTarPerm extractEntry templates/twig/layout.twig
519 silly gunzTarPerm modified mode [ 'templates/twig/layout.twig', 438, 420 ]
520 silly gunzTarPerm extractEntry templates/vash/error.vash
521 silly gunzTarPerm modified mode [ 'templates/vash/error.vash', 438, 420 ]
522 silly gunzTarPerm extractEntry templates/vash/index.vash
523 silly gunzTarPerm modified mode [ 'templates/vash/index.vash', 438, 420 ]
524 silly gunzTarPerm extractEntry templates/vash/layout.vash
525 silly gunzTarPerm modified mode [ 'templates/vash/layout.vash', 438, 420 ]
526 silly gunzTarPerm extractEntry .travis.yml
527 silly gunzTarPerm modified mode [ '.travis.yml', 436, 420 ]
528 silly gunzTarPerm extractEntry readme.markdown
529 silly gunzTarPerm extractEntry test/dash.js
530 silly gunzTarPerm extractEntry History.md
531 silly gunzTarPerm extractEntry bin/usage.txt
532 silly gunzTarPerm extractEntry examples/pow.js
533 silly gunzTarPerm extractEntry test/
534 silly gunzTarPerm extractEntry test/ejs.js
535 silly gunzTarPerm extractEntry test/fixtures/
536 silly gunzTarPerm extractEntry test/mocha.opts
537 silly gunzTarPerm extractEntry test/default_bool.js
538 silly gunzTarPerm extractEntry test/dotted.js
539 silly gunzTarPerm extractEntry test/long.js
540 silly gunzTarPerm extractEntry test/parse.js
541 silly gunzTarPerm extractEntry test/parse_modified.js
542 silly gunzTarPerm extractEntry test/short.js
543 silly gunzTarPerm extractEntry test/whitespace.js
544 silly gunzTarPerm extractEntry readme.markdown
545 silly gunzTarPerm extractEntry test/chmod.js
546 silly gunzTarPerm extractEntry test/tmp/
547 silly gunzTarPerm extractEntry test/tmp/include.ejs
548 silly gunzTarPerm extractEntry test/opts_fs_sync.js
549 silly gentlyRm /usr/local/lib/node_modules/.staging/sorted-object-b497dff3/node_modules is being purged
550 verbose gentlyRm don't care about contents; nuking /usr/local/lib/node_modules/.staging/sorted-object-b497dff3/node_modules
551 silly gunzTarPerm extractEntry test/tmp/include_preprocessor.ejs
552 silly gunzTarPerm extractEntry test/tmp/renderFile.ejs
553 silly gunzTarPerm extractEntry test/fixtures/backslash.ejs
554 silly gunzTarPerm extractEntry test/fixtures/backslash.html
555 silly gunzTarPerm extractEntry test/fixtures/comments.ejs
556 silly gunzTarPerm extractEntry test/perm.js
557 silly gunzTarPerm extractEntry test/perm_sync.js
558 silly gunzTarPerm extractEntry test/opts_fs.js
559 silly gunzTarPerm extractEntry test/rel.js
560 silly gunzTarPerm extractEntry test/fixtures/comments.html
561 silly gunzTarPerm extractEntry test/fixtures/consecutive-tags.ejs
562 silly gentlyRm /usr/local/lib/node_modules/.staging/commander-898e1b43/node_modules is being purged
563 verbose gentlyRm don't care about contents; nuking /usr/local/lib/node_modules/.staging/commander-898e1b43/node_modules
564 silly gunzTarPerm extractEntry test/return.js
565 silly gunzTarPerm extractEntry test/return_sync.js
566 silly gunzTarPerm extractEntry test/fixtures/consecutive-tags.html
567 silly gunzTarPerm extractEntry test/fixtures/double-quote.ejs
568 silly gentlyRm /usr/local/lib/node_modules/.staging/graceful-readlink-ea74dc32/node_modules is being purged
569 verbose gentlyRm don't care about contents; nuking /usr/local/lib/node_modules/.staging/graceful-readlink-ea74dc32/node_modules
570 silly gunzTarPerm extractEntry test/root.js
571 silly gunzTarPerm extractEntry test/sync.js
572 silly gunzTarPerm extractEntry test/fixtures/double-quote.html
573 silly gunzTarPerm extractEntry test/fixtures/error.ejs
574 silly gunzTarPerm extractEntry test/fixtures/error.out
575 silly gunzTarPerm extractEntry test/fixtures/fail.ejs
576 silly gunzTarPerm extractEntry test/fixtures/hello-world.ejs
577 silly gunzTarPerm extractEntry test/fixtures/include-abspath.ejs
578 silly gunzTarPerm extractEntry test/fixtures/include-root.ejs
579 silly gunzTarPerm extractEntry test/mkdirp.js
580 silly gunzTarPerm extractEntry test/umask.js
581 silly gunzTarPerm extractEntry test/fixtures/include-simple.ejs
582 silly gunzTarPerm extractEntry test/fixtures/include-simple.html
583 silly gunzTarPerm extractEntry test/fixtures/include.css.ejs
584 silly gunzTarPerm extractEntry test/clobber.js
585 silly gunzTarPerm extractEntry test/umask_sync.js
586 silly gunzTarPerm extractEntry test/fixtures/include.css.html
587 silly gunzTarPerm extractEntry test/fixtures/include.ejs
588 silly gunzTarPerm extractEntry test/race.js
589 silly gunzTarPerm extractEntry test/fixtures/include.html
590 silly gunzTarPerm extractEntry test/fixtures/include_cache.ejs
591 silly gunzTarPerm extractEntry test/fixtures/include_cache.html
592 silly gunzTarPerm extractEntry test/fixtures/include_preprocessor.css.ejs
593 silly gunzTarPerm extractEntry test/fixtures/include_preprocessor.css.html
594 silly gunzTarPerm extractEntry test/fixtures/include_preprocessor.ejs
595 silly gunzTarPerm extractEntry test/fixtures/include_preprocessor.html
596 silly gunzTarPerm extractEntry test/fixtures/include_preprocessor_cache.ejs
597 silly gunzTarPerm extractEntry test/fixtures/include_preprocessor_cache.html
598 silly gunzTarPerm extractEntry test/fixtures/include_preprocessor_line_slurp.ejs
599 silly gentlyRm /usr/local/lib/node_modules/.staging/minimist-cb6858d4/node_modules is being purged
600 verbose gentlyRm don't care about contents; nuking /usr/local/lib/node_modules/.staging/minimist-cb6858d4/node_modules
601 silly gunzTarPerm extractEntry test/fixtures/include_preprocessor_line_slurp.html
602 silly gunzTarPerm extractEntry test/fixtures/include_preprocessor_line_slurp_child.ejs
603 silly gunzTarPerm extractEntry test/fixtures/includes/
604 silly gunzTarPerm extractEntry test/fixtures/literal.ejs
605 silly gunzTarPerm extractEntry test/fixtures/literal.html
606 silly gunzTarPerm extractEntry test/fixtures/menu.ejs
607 silly gunzTarPerm extractEntry test/fixtures/menu.html
608 silly gunzTarPerm extractEntry test/fixtures/menu_preprocessor.ejs
609 silly gunzTarPerm extractEntry test/fixtures/menu_preprocessor.html
610 silly gunzTarPerm extractEntry test/fixtures/menu_var.ejs
611 silly gunzTarPerm extractEntry test/fixtures/messed.ejs
612 silly gunzTarPerm extractEntry test/fixtures/messed.html
613 silly gunzTarPerm extractEntry test/fixtures/newlines.ejs
614 silly gunzTarPerm extractEntry test/fixtures/newlines.html
615 silly gunzTarPerm extractEntry test/fixtures/newlines.mixed.ejs
616 silly gunzTarPerm extractEntry test/fixtures/newlines.mixed.html
617 silly gunzTarPerm extractEntry test/fixtures/no.newlines.ejs
618 silly gunzTarPerm extractEntry test/fixtures/no.newlines.error.ejs
619 silly gunzTarPerm extractEntry test/fixtures/no.newlines.html
620 silly gunzTarPerm extractEntry test/fixtures/no.semicolons.ejs
621 silly gentlyRm /usr/local/lib/node_modules/.staging/mkdirp-f65a1b18/node_modules is being purged
622 verbose gentlyRm don't care about contents; nuking /usr/local/lib/node_modules/.staging/mkdirp-f65a1b18/node_modules
623 silly gunzTarPerm extractEntry test/fixtures/no.semicolons.html
624 silly gunzTarPerm extractEntry test/fixtures/para.ejs
625 silly gunzTarPerm extractEntry test/fixtures/pet.ejs
626 silly gunzTarPerm extractEntry test/fixtures/rmWhitespace.ejs
627 silly gunzTarPerm extractEntry test/fixtures/rmWhitespace.html
628 silly gunzTarPerm extractEntry test/fixtures/single-quote.ejs
629 silly gunzTarPerm extractEntry test/fixtures/single-quote.html
630 silly gunzTarPerm extractEntry test/fixtures/space-and-tab-slurp.ejs
631 silly gunzTarPerm extractEntry test/fixtures/space-and-tab-slurp.html
632 silly gunzTarPerm extractEntry test/fixtures/strict.ejs
633 silly gunzTarPerm extractEntry test/fixtures/style.css
634 silly gunzTarPerm extractEntry test/fixtures/user-no-with.ejs
635 silly gunzTarPerm extractEntry test/fixtures/user.ejs
636 silly gunzTarPerm extractEntry test/fixtures/with-context.ejs
637 silly gunzTarPerm extractEntry test/fixtures/includes/bom.ejs
638 silly gunzTarPerm extractEntry test/fixtures/includes/menu/
639 silly gunzTarPerm extractEntry test/fixtures/includes/menu-item.ejs
640 silly gunzTarPerm extractEntry test/fixtures/includes/menu/item.ejs
641 silly gunzTarPerm extractEntry lib/ejs.js
642 silly gunzTarPerm extractEntry lib/utils.js
643 silly gentlyRm /usr/local/lib/node_modules/.staging/express-generator-2930afea/node_modules is being purged
644 verbose gentlyRm don't care about contents; nuking /usr/local/lib/node_modules/.staging/express-generator-2930afea/node_modules
645 silly gentlyRm /usr/local/lib/node_modules/.staging/ejs-2de19af3/node_modules is being purged
646 verbose gentlyRm don't care about contents; nuking /usr/local/lib/node_modules/.staging/ejs-2de19af3/node_modules
647 silly doParallel preinstall 7
648 silly preinstall graceful-readlink@1.0.1 /usr/local/lib/node_modules/.staging/graceful-readlink-ea74dc32
649 info lifecycle graceful-readlink@1.0.1~preinstall: graceful-readlink@1.0.1
650 silly preinstall minimist@0.0.8 /usr/local/lib/node_modules/.staging/minimist-cb6858d4
651 info lifecycle minimist@0.0.8~preinstall: minimist@0.0.8
652 silly preinstall commander@2.9.0 /usr/local/lib/node_modules/.staging/commander-898e1b43
653 info lifecycle commander@2.9.0~preinstall: commander@2.9.0
654 silly preinstall ejs@2.5.6 /usr/local/lib/node_modules/.staging/ejs-2de19af3
655 info lifecycle ejs@2.5.6~preinstall: ejs@2.5.6
656 silly preinstall mkdirp@0.5.1 /usr/local/lib/node_modules/.staging/mkdirp-f65a1b18
657 info lifecycle mkdirp@0.5.1~preinstall: mkdirp@0.5.1
658 silly preinstall sorted-object@2.0.1 /usr/local/lib/node_modules/.staging/sorted-object-b497dff3
659 info lifecycle sorted-object@2.0.1~preinstall: sorted-object@2.0.1
660 silly preinstall express-generator@4.15.0 /usr/local/lib/node_modules/.staging/express-generator-2930afea
661 info lifecycle express-generator@4.15.0~preinstall: express-generator@4.15.0
662 silly lifecycle graceful-readlink@1.0.1~preinstall: no script for preinstall, continuing
663 silly lifecycle minimist@0.0.8~preinstall: no script for preinstall, continuing
664 silly lifecycle commander@2.9.0~preinstall: no script for preinstall, continuing
665 silly lifecycle ejs@2.5.6~preinstall: no script for preinstall, continuing
666 silly lifecycle mkdirp@0.5.1~preinstall: no script for preinstall, continuing
667 silly lifecycle sorted-object@2.0.1~preinstall: no script for preinstall, continuing
668 silly lifecycle express-generator@4.15.0~preinstall: no script for preinstall, continuing
669 silly doReverseSerial remove 0
670 silly doSerial move 0
671 silly doSerial finalize 7
672 silly finalize /usr/local/lib/node_modules/express-generator/node_modules/graceful-readlink
673 silly finalize /usr/local/lib/node_modules/express-generator/node_modules/minimist
674 silly finalize /usr/local/lib/node_modules/express-generator/node_modules/commander
675 silly finalize /usr/local/lib/node_modules/express-generator/node_modules/ejs
676 silly finalize /usr/local/lib/node_modules/express-generator/node_modules/mkdirp
677 silly finalize /usr/local/lib/node_modules/express-generator/node_modules/sorted-object
678 silly finalize /usr/local/lib/node_modules/express-generator
679 silly doSerial build 7
680 silly build graceful-readlink@1.0.1
681 info linkStuff graceful-readlink@1.0.1
682 silly linkStuff graceful-readlink@1.0.1 has /usr/local/lib/node_modules/express-generator/node_modules as its parent node_modules
683 silly linkStuff graceful-readlink@1.0.1 is part of a global install
684 silly linkStuff graceful-readlink@1.0.1 is installed into a global node_modules
685 verbose linkBins graceful-readlink@1.0.1
686 verbose linkMans graceful-readlink@1.0.1
687 silly build minimist@0.0.8
688 info linkStuff minimist@0.0.8
689 silly linkStuff minimist@0.0.8 has /usr/local/lib/node_modules/express-generator/node_modules as its parent node_modules
690 silly linkStuff minimist@0.0.8 is part of a global install
691 silly linkStuff minimist@0.0.8 is installed into a global node_modules
692 verbose linkBins minimist@0.0.8
693 verbose linkMans minimist@0.0.8
694 silly build commander@2.9.0
695 info linkStuff commander@2.9.0
696 silly linkStuff commander@2.9.0 has /usr/local/lib/node_modules/express-generator/node_modules as its parent node_modules
697 silly linkStuff commander@2.9.0 is part of a global install
698 silly linkStuff commander@2.9.0 is installed into a global node_modules
699 verbose linkBins commander@2.9.0
700 verbose linkMans commander@2.9.0
701 silly build ejs@2.5.6
702 info linkStuff ejs@2.5.6
703 silly linkStuff ejs@2.5.6 has /usr/local/lib/node_modules/express-generator/node_modules as its parent node_modules
704 silly linkStuff ejs@2.5.6 is part of a global install
705 silly linkStuff ejs@2.5.6 is installed into a global node_modules
706 verbose linkBins ejs@2.5.6
707 verbose linkMans ejs@2.5.6
708 silly build mkdirp@0.5.1
709 info linkStuff mkdirp@0.5.1
710 silly linkStuff mkdirp@0.5.1 has /usr/local/lib/node_modules/express-generator/node_modules as its parent node_modules
711 silly linkStuff mkdirp@0.5.1 is part of a global install
712 silly linkStuff mkdirp@0.5.1 is installed into a global node_modules
713 verbose linkBins mkdirp@0.5.1
714 verbose link bins [ { mkdirp: 'bin/cmd.js' },
714 verbose link bins   '/usr/local/lib/node_modules/express-generator/node_modules/.bin',
714 verbose link bins   false ]
715 verbose linkMans mkdirp@0.5.1
716 silly gentlyRm /usr/local/lib/node_modules/express-generator/node_modules/.bin/mkdirp is being purged
717 verbose gentlyRm don't care about contents; nuking /usr/local/lib/node_modules/express-generator/node_modules/.bin/mkdirp
718 silly build sorted-object@2.0.1
719 info linkStuff sorted-object@2.0.1
720 silly linkStuff sorted-object@2.0.1 has /usr/local/lib/node_modules/express-generator/node_modules as its parent node_modules
721 silly linkStuff sorted-object@2.0.1 is part of a global install
722 silly linkStuff sorted-object@2.0.1 is installed into a global node_modules
723 verbose linkBins sorted-object@2.0.1
724 verbose linkMans sorted-object@2.0.1
725 silly build express-generator@4.15.0
726 info linkStuff express-generator@4.15.0
727 silly linkStuff express-generator@4.15.0 has /usr/local/lib/node_modules as its parent node_modules
728 silly linkStuff express-generator@4.15.0 is part of a global install
729 silly linkStuff express-generator@4.15.0 is installed into a global node_modules
730 silly linkStuff express-generator@4.15.0 is installed into the top-level global node_modules
731 verbose linkBins express-generator@4.15.0
732 verbose link bins [ { express: './bin/express-cli.js' }, '/usr/local/bin', true ]
733 verbose linkMans express-generator@4.15.0
734 silly gentlyRm /usr/local/bin/express is being gently removed
735 verbose unlock done using /Users/lawrencehan/.npm/_locks/staging-3a08f0df5026584d.lock for /usr/local/lib/node_modules/.staging
736 silly rollbackFailedOptional Starting
737 silly rollbackFailedOptional Finishing
738 silly runTopLevelLifecycles Finishing
739 silly install printInstalled
740 verbose stack Error: EACCES: permission denied, symlink '../lib/node_modules/express-generator/bin/express-cli.js' -> '/usr/local/bin/express'
740 verbose stack     at Error (native)
741 verbose cwd /Users/lawrencehan/Desktop/Node
742 error Darwin 15.6.0
743 error argv "/usr/local/bin/node" "/usr/local/bin/npm" "install" "-g" "express-generator"
744 error node v6.10.2
745 error npm  v3.10.10
746 error path ../lib/node_modules/express-generator/bin/express-cli.js
747 error code EACCES
748 error errno -13
749 error syscall symlink
750 error Error: EACCES: permission denied, symlink '../lib/node_modules/express-generator/bin/express-cli.js' -> '/usr/local/bin/express'
750 error     at Error (native)
750 error  { Error: EACCES: permission denied, symlink '../lib/node_modules/express-generator/bin/express-cli.js' -> '/usr/local/bin/express'
750 error     at Error (native)
750 error   errno: -13,
750 error   code: 'EACCES',
750 error   syscall: 'symlink',
750 error   path: '../lib/node_modules/express-generator/bin/express-cli.js',
750 error   dest: '/usr/local/bin/express' }
751 error Please try running this command again as root/Administrator.
752 verbose exit [ -13, true ]
